2018-01-10 14:48:39,564 [Worker-17] INFO  o.e.m.c.i.l.LifecycleMappingFactory - Using NULL lifecycle mapping for MavenProject: net.qhhhq:qhhhq-project:0.0.1-SNAPSHOT @ E:\eclipse_workspace\project\dubbo\qhhhq-project\pom.xml.
2018-01-10 14:48:39,707 [Worker-17] INFO  o.e.m.c.i.l.LifecycleMappingFactory - Using NULL lifecycle mapping for MavenProject: net.qhhhq:qhhhq-api:0.0.1-SNAPSHOT @ E:\eclipse_workspace\project\dubbo\qhhhq-project\qhhhq-api\pom.xml.
2018-01-10 14:48:55,469 [Worker-17] INFO  o.e.m.c.i.l.LifecycleMappingFactory - Using org.eclipse.m2e.jdt.JarLifecycleMapping lifecycle mapping for MavenProject: net.qhhhq:common-api:0.0.1-SNAPSHOT @ E:\eclipse_workspace\project\dubbo\qhhhq-project\qhhhq-api\common-api\pom.xml.
2018-01-10 14:48:55,564 [Worker-17] INFO  o.e.m.c.i.l.LifecycleMappingFactory - Using NULL lifecycle mapping for MavenProject: net.qhhhq:qhhhq-provider:0.0.1-SNAPSHOT @ E:\eclipse_workspace\project\dubbo\qhhhq-project\qhhhq-provider\pom.xml.
2018-01-10 14:49:00,071 [Worker-17] INFO  o.e.m.c.i.l.LifecycleMappingFactory - Using org.eclipse.m2e.jdt.JarLifecycleMapping lifecycle mapping for MavenProject: net.qhhhq:common-provider:0.0.1-SNAPSHOT @ E:\eclipse_workspace\project\dubbo\qhhhq-project\qhhhq-provider\common-provider\pom.xml.
2018-01-10 14:49:00,145 [Worker-17] INFO  o.e.m.c.i.l.LifecycleMappingFactory - Using org.eclipse.m2e.jdt.JarLifecycleMapping lifecycle mapping for MavenProject: net.qhhhq:qhhhq-dao:0.0.1-SNAPSHOT @ E:\eclipse_workspace\project\dubbo\qhhhq-project\qhhhq-dao\pom.xml.
2018-01-10 14:49:00,221 [Worker-17] INFO  o.e.m.c.i.l.LifecycleMappingFactory - Using org.eclipse.m2e.jdt.JarLifecycleMapping lifecycle mapping for MavenProject: net.qhhhq:qhhhq-consumer:0.0.1-SNAPSHOT @ E:\eclipse_workspace\project\dubbo\qhhhq-project\qhhhq-consumer\pom.xml.
2018-01-10 14:49:05,803 [Worker-17] INFO  o.e.m.j.i.AbstractJavaProjectConfigurator - Adding source folder /qhhhq-dao/src/main/java
2018-01-10 14:49:05,805 [Worker-17] INFO  o.e.m.j.i.AbstractJavaProjectConfigurator - Adding source folder /qhhhq-dao/src/test/java
2018-01-10 14:49:05,924 [Worker-17] INFO  o.e.m.j.i.AbstractJavaProjectConfigurator - Adding source folder /common-api/src/main/java
2018-01-10 14:49:05,926 [Worker-17] INFO  o.e.m.j.i.AbstractJavaProjectConfigurator - Adding source folder /common-api/src/test/java
2018-01-10 14:49:05,974 [Worker-17] INFO  o.e.m.j.i.AbstractJavaProjectConfigurator - Adding source folder /common-provider/src/main/java
2018-01-10 14:49:05,975 [Worker-17] INFO  o.e.m.j.i.AbstractJavaProjectConfigurator - Adding source folder /common-provider/src/test/java
2018-01-10 14:49:06,080 [Worker-17] INFO  o.e.m.j.i.AbstractJavaProjectConfigurator - Adding source folder /qhhhq-consumer/src/main/java
2018-01-10 14:49:06,082 [Worker-17] INFO  o.e.m.j.i.AbstractJavaProjectConfigurator - Adding source folder /qhhhq-consumer/src/test/java
2018-01-10 14:49:06,133 [Worker-17] INFO  o.e.m.c.i.p.ProjectConfigurationManager - Imported and configured 7 project(s) in 32 sec
2018-01-10 14:49:12,055 [Worker-14] INFO  o.e.m.c.i.embedder.EclipseLogger - Using 'UTF-8' encoding to copy filtered resources.
2018-01-10 14:49:12,056 [Worker-14] INFO  o.e.m.c.i.embedder.EclipseLogger - skip non existing resourceDirectory E:\eclipse_workspace\project\dubbo\qhhhq-project\qhhhq-dao\src\main\resources
2018-01-10 14:49:12,058 [Worker-14] INFO  o.e.m.c.i.embedder.EclipseLogger - Using 'UTF-8' encoding to copy filtered resources.
2018-01-10 14:49:12,059 [Worker-14] INFO  o.e.m.c.i.embedder.EclipseLogger - skip non existing resourceDirectory E:\eclipse_workspace\project\dubbo\qhhhq-project\qhhhq-dao\src\test\resources
2018-01-10 14:49:13,392 [Worker-14] INFO  o.e.m.c.i.embedder.EclipseLogger - Using 'UTF-8' encoding to copy filtered resources.
2018-01-10 14:49:13,392 [Worker-14] INFO  o.e.m.c.i.embedder.EclipseLogger - skip non existing resourceDirectory E:\eclipse_workspace\project\dubbo\qhhhq-project\qhhhq-api\common-api\src\main\resources
2018-01-10 14:49:13,394 [Worker-14] INFO  o.e.m.c.i.embedder.EclipseLogger - Using 'UTF-8' encoding to copy filtered resources.
2018-01-10 14:49:13,394 [Worker-14] INFO  o.e.m.c.i.embedder.EclipseLogger - skip non existing resourceDirectory E:\eclipse_workspace\project\dubbo\qhhhq-project\qhhhq-api\common-api\src\test\resources
2018-01-10 14:49:14,059 [Worker-14] INFO  o.e.m.c.i.embedder.EclipseLogger - Using 'UTF-8' encoding to copy filtered resources.
2018-01-10 14:49:14,059 [Worker-14] INFO  o.e.m.c.i.embedder.EclipseLogger - skip non existing resourceDirectory E:\eclipse_workspace\project\dubbo\qhhhq-project\qhhhq-consumer\src\main\resources
2018-01-10 14:49:14,061 [Worker-14] INFO  o.e.m.c.i.embedder.EclipseLogger - Using 'UTF-8' encoding to copy filtered resources.
2018-01-10 14:49:14,061 [Worker-14] INFO  o.e.m.c.i.embedder.EclipseLogger - skip non existing resourceDirectory E:\eclipse_workspace\project\dubbo\qhhhq-project\qhhhq-consumer\src\test\resources
2018-01-10 14:49:14,821 [Worker-14] INFO  o.e.m.c.i.embedder.EclipseLogger - Using 'UTF-8' encoding to copy filtered resources.
2018-01-10 14:49:14,822 [Worker-14] INFO  o.e.m.c.i.embedder.EclipseLogger - skip non existing resourceDirectory E:\eclipse_workspace\project\dubbo\qhhhq-project\qhhhq-provider\common-provider\src\main\resources
2018-01-10 14:49:14,823 [Worker-14] INFO  o.e.m.c.i.embedder.EclipseLogger - Using 'UTF-8' encoding to copy filtered resources.
2018-01-10 14:49:14,824 [Worker-14] INFO  o.e.m.c.i.embedder.EclipseLogger - skip non existing resourceDirectory E:\eclipse_workspace\project\dubbo\qhhhq-project\qhhhq-provider\common-provider\src\test\resources
2018-01-10 14:51:29,839 [Worker-7] INFO  o.e.m.c.i.l.LifecycleMappingFactory - Using NULL lifecycle mapping for MavenProject: net.qhhhq:qhhhq-project:0.0.1-SNAPSHOT @ E:\git\resources\qhhhq-project\pom.xml.
2018-01-10 14:51:29,848 [Worker-7] INFO  o.e.m.c.i.l.LifecycleMappingFactory - Using NULL lifecycle mapping for MavenProject: net.qhhhq:qhhhq-api:0.0.1-SNAPSHOT @ E:\git\resources\qhhhq-project\qhhhq-api\pom.xml.
2018-01-10 14:51:30,414 [Worker-7] INFO  o.e.m.c.i.l.LifecycleMappingFactory - Using org.eclipse.m2e.jdt.JarLifecycleMapping lifecycle mapping for MavenProject: net.qhhhq:common-api:0.0.1-SNAPSHOT @ E:\git\resources\qhhhq-project\qhhhq-api\common-api\pom.xml.
2018-01-10 14:51:30,422 [Worker-7] INFO  o.e.m.c.i.l.LifecycleMappingFactory - Using NULL lifecycle mapping for MavenProject: net.qhhhq:qhhhq-provider:0.0.1-SNAPSHOT @ E:\git\resources\qhhhq-project\qhhhq-provider\pom.xml.
2018-01-10 14:51:30,668 [Worker-7] INFO  o.e.m.c.i.l.LifecycleMappingFactory - Using org.eclipse.m2e.jdt.JarLifecycleMapping lifecycle mapping for MavenProject: net.qhhhq:common-provider:0.0.1-SNAPSHOT @ E:\git\resources\qhhhq-project\qhhhq-provider\common-provider\pom.xml.
2018-01-10 14:51:30,758 [Worker-7] INFO  o.e.m.c.i.l.LifecycleMappingFactory - Using org.eclipse.m2e.jdt.JarLifecycleMapping lifecycle mapping for MavenProject: net.qhhhq:qhhhq-dao:0.0.1-SNAPSHOT @ E:\git\resources\qhhhq-project\qhhhq-dao\pom.xml.
2018-01-10 14:51:30,801 [Worker-7] INFO  o.e.m.c.i.l.LifecycleMappingFactory - Using org.eclipse.m2e.jdt.JarLifecycleMapping lifecycle mapping for MavenProject: net.qhhhq:qhhhq-consumer:0.0.1-SNAPSHOT @ E:\git\resources\qhhhq-project\qhhhq-consumer\pom.xml.
2018-01-10 14:51:33,367 [Worker-7] INFO  o.e.m.j.i.AbstractJavaProjectConfigurator - Adding source folder /qhhhq-dao/src/main/java
2018-01-10 14:51:33,367 [Worker-7] INFO  o.e.m.j.i.AbstractJavaProjectConfigurator - Adding source folder /qhhhq-dao/src/test/java
2018-01-10 14:51:33,396 [Worker-7] INFO  o.e.m.j.i.AbstractJavaProjectConfigurator - Adding source folder /common-api/src/main/java
2018-01-10 14:51:33,397 [Worker-7] INFO  o.e.m.j.i.AbstractJavaProjectConfigurator - Adding source folder /common-api/src/test/java
2018-01-10 14:51:33,430 [Worker-7] INFO  o.e.m.j.i.AbstractJavaProjectConfigurator - Adding source folder /common-provider/src/main/java
2018-01-10 14:51:33,430 [Worker-7] INFO  o.e.m.j.i.AbstractJavaProjectConfigurator - Adding source folder /common-provider/src/test/java
2018-01-10 14:51:33,487 [Worker-7] INFO  o.e.m.j.i.AbstractJavaProjectConfigurator - Adding source folder /qhhhq-consumer/src/main/java
2018-01-10 14:51:33,488 [Worker-7] INFO  o.e.m.j.i.AbstractJavaProjectConfigurator - Adding source folder /qhhhq-consumer/src/test/java
2018-01-10 14:51:33,518 [Worker-7] INFO  o.e.m.c.i.p.ProjectConfigurationManager - Imported and configured 7 project(s) in 4 sec
2018-01-10 14:51:34,562 [Worker-16] INFO  o.e.m.c.i.embedder.EclipseLogger - Using 'UTF-8' encoding to copy filtered resources.
2018-01-10 14:51:34,562 [Worker-16] INFO  o.e.m.c.i.embedder.EclipseLogger - skip non existing resourceDirectory E:\git\resources\qhhhq-project\qhhhq-dao\src\main\resources
2018-01-10 14:51:34,565 [Worker-16] INFO  o.e.m.c.i.embedder.EclipseLogger - Using 'UTF-8' encoding to copy filtered resources.
2018-01-10 14:51:34,565 [Worker-16] INFO  o.e.m.c.i.embedder.EclipseLogger - skip non existing resourceDirectory E:\git\resources\qhhhq-project\qhhhq-dao\src\test\resources
2018-01-10 14:51:35,056 [Worker-16] INFO  o.e.m.c.i.embedder.EclipseLogger - Using 'UTF-8' encoding to copy filtered resources.
2018-01-10 14:51:35,056 [Worker-16] INFO  o.e.m.c.i.embedder.EclipseLogger - skip non existing resourceDirectory E:\git\resources\qhhhq-project\qhhhq-api\common-api\src\main\resources
2018-01-10 14:51:35,058 [Worker-16] INFO  o.e.m.c.i.embedder.EclipseLogger - Using 'UTF-8' encoding to copy filtered resources.
2018-01-10 14:51:35,058 [Worker-16] INFO  o.e.m.c.i.embedder.EclipseLogger - skip non existing resourceDirectory E:\git\resources\qhhhq-project\qhhhq-api\common-api\src\test\resources
2018-01-10 14:51:35,283 [Worker-16] INFO  o.e.m.c.i.embedder.EclipseLogger - Using 'UTF-8' encoding to copy filtered resources.
2018-01-10 14:51:35,283 [Worker-16] INFO  o.e.m.c.i.embedder.EclipseLogger - skip non existing resourceDirectory E:\git\resources\qhhhq-project\qhhhq-consumer\src\main\resources
2018-01-10 14:51:35,285 [Worker-16] INFO  o.e.m.c.i.embedder.EclipseLogger - Using 'UTF-8' encoding to copy filtered resources.
2018-01-10 14:51:35,285 [Worker-16] INFO  o.e.m.c.i.embedder.EclipseLogger - skip non existing resourceDirectory E:\git\resources\qhhhq-project\qhhhq-consumer\src\test\resources
2018-01-10 14:51:35,873 [Worker-16] INFO  o.e.m.c.i.embedder.EclipseLogger - Using 'UTF-8' encoding to copy filtered resources.
2018-01-10 14:51:35,873 [Worker-16] INFO  o.e.m.c.i.embedder.EclipseLogger - skip non existing resourceDirectory E:\git\resources\qhhhq-project\qhhhq-provider\common-provider\src\main\resources
2018-01-10 14:51:35,875 [Worker-16] INFO  o.e.m.c.i.embedder.EclipseLogger - Using 'UTF-8' encoding to copy filtered resources.
2018-01-10 14:51:35,875 [Worker-16] INFO  o.e.m.c.i.embedder.EclipseLogger - skip non existing resourceDirectory E:\git\resources\qhhhq-project\qhhhq-provider\common-provider\src\test\resources
2018-01-10 14:55:24,842 [Worker-14] INFO  o.e.m.c.i.embedder.EclipseLogger - Using 'UTF-8' encoding to copy filtered resources.
2018-01-10 14:55:24,842 [Worker-14] INFO  o.e.m.c.i.embedder.EclipseLogger - skip non existing resourceDirectory E:\git\resources\qhhhq-project\qhhhq-provider\common-provider\src\main\resources
2018-01-10 14:55:24,844 [Worker-14] INFO  o.e.m.c.i.embedder.EclipseLogger - Using 'UTF-8' encoding to copy filtered resources.
2018-01-10 14:55:24,844 [Worker-14] INFO  o.e.m.c.i.embedder.EclipseLogger - skip non existing resourceDirectory E:\git\resources\qhhhq-project\qhhhq-provider\common-provider\src\test\resources
2018-01-10 15:05:22,387 [Worker-22] INFO  o.e.m.c.i.embedder.EclipseLogger - Using 'UTF-8' encoding to copy filtered resources.
2018-01-10 15:05:22,388 [Worker-22] INFO  o.e.m.c.i.embedder.EclipseLogger - skip non existing resourceDirectory E:\git\resources\qhhhq-project\qhhhq-provider\common-provider\src\main\resources
2018-01-10 15:05:22,389 [Worker-22] INFO  o.e.m.c.i.embedder.EclipseLogger - Using 'UTF-8' encoding to copy filtered resources.
2018-01-10 15:05:22,389 [Worker-22] INFO  o.e.m.c.i.embedder.EclipseLogger - skip non existing resourceDirectory E:\git\resources\qhhhq-project\qhhhq-provider\common-provider\src\test\resources
2018-01-10 15:05:30,636 [Worker-22] INFO  o.e.m.i.launch.MavenLaunchDelegate - E:\git\resources\qhhhq-project
2018-01-10 15:05:30,636 [Worker-22] INFO  o.e.m.i.launch.MavenLaunchDelegate -  mvn  -B install
2018-01-10 15:05:40,181 [Worker-24] INFO  o.e.m.c.i.embedder.EclipseLogger - Using 'UTF-8' encoding to copy filtered resources.
2018-01-10 15:05:40,182 [Worker-24] INFO  o.e.m.c.i.embedder.EclipseLogger - skip non existing resourceDirectory E:\git\resources\qhhhq-project\qhhhq-dao\src\main\resources
2018-01-10 15:05:40,183 [Worker-24] INFO  o.e.m.c.i.embedder.EclipseLogger - Using 'UTF-8' encoding to copy filtered resources.
2018-01-10 15:05:40,183 [Worker-24] INFO  o.e.m.c.i.embedder.EclipseLogger - skip non existing resourceDirectory E:\git\resources\qhhhq-project\qhhhq-dao\src\test\resources
2018-01-10 15:05:40,216 [Worker-24] INFO  o.e.m.c.i.embedder.EclipseLogger - Using 'UTF-8' encoding to copy filtered resources.
2018-01-10 15:05:40,216 [Worker-24] INFO  o.e.m.c.i.embedder.EclipseLogger - skip non existing resourceDirectory E:\git\resources\qhhhq-project\qhhhq-api\common-api\src\main\resources
2018-01-10 15:05:40,219 [Worker-24] INFO  o.e.m.c.i.embedder.EclipseLogger - Using 'UTF-8' encoding to copy filtered resources.
2018-01-10 15:05:40,220 [Worker-24] INFO  o.e.m.c.i.embedder.EclipseLogger - skip non existing resourceDirectory E:\git\resources\qhhhq-project\qhhhq-api\common-api\src\test\resources
2018-01-10 15:05:40,387 [Worker-24] INFO  o.e.m.c.i.embedder.EclipseLogger - Using 'UTF-8' encoding to copy filtered resources.
2018-01-10 15:05:40,387 [Worker-24] INFO  o.e.m.c.i.embedder.EclipseLogger - skip non existing resourceDirectory E:\git\resources\qhhhq-project\qhhhq-consumer\src\main\resources
2018-01-10 15:05:40,388 [Worker-24] INFO  o.e.m.c.i.embedder.EclipseLogger - Using 'UTF-8' encoding to copy filtered resources.
2018-01-10 15:05:40,389 [Worker-24] INFO  o.e.m.c.i.embedder.EclipseLogger - skip non existing resourceDirectory E:\git\resources\qhhhq-project\qhhhq-consumer\src\test\resources
2018-01-10 15:05:40,662 [Worker-24] INFO  o.e.m.c.i.embedder.EclipseLogger - Using 'UTF-8' encoding to copy filtered resources.
2018-01-10 15:05:40,662 [Worker-24] INFO  o.e.m.c.i.embedder.EclipseLogger - skip non existing resourceDirectory E:\git\resources\qhhhq-project\qhhhq-provider\common-provider\src\main\resources
2018-01-10 15:05:40,663 [Worker-24] INFO  o.e.m.c.i.embedder.EclipseLogger - Using 'UTF-8' encoding to copy filtered resources.
2018-01-10 15:05:40,663 [Worker-24] INFO  o.e.m.c.i.embedder.EclipseLogger - skip non existing resourceDirectory E:\git\resources\qhhhq-project\qhhhq-provider\common-provider\src\test\resources
2018-01-10 15:05:53,170 [Worker-23] INFO  o.e.m.c.i.embedder.EclipseLogger - Using 'UTF-8' encoding to copy filtered resources.
2018-01-10 15:05:53,171 [Worker-23] INFO  o.e.m.c.i.embedder.EclipseLogger - skip non existing resourceDirectory E:\git\resources\qhhhq-project\qhhhq-dao\src\main\resources
2018-01-10 15:05:53,172 [Worker-23] INFO  o.e.m.c.i.embedder.EclipseLogger - Using 'UTF-8' encoding to copy filtered resources.
2018-01-10 15:05:53,172 [Worker-23] INFO  o.e.m.c.i.embedder.EclipseLogger - skip non existing resourceDirectory E:\git\resources\qhhhq-project\qhhhq-dao\src\test\resources
2018-01-10 15:05:53,196 [Worker-23] INFO  o.e.m.c.i.embedder.EclipseLogger - Using 'UTF-8' encoding to copy filtered resources.
2018-01-10 15:05:53,197 [Worker-23] INFO  o.e.m.c.i.embedder.EclipseLogger - skip non existing resourceDirectory E:\git\resources\qhhhq-project\qhhhq-api\common-api\src\main\resources
2018-01-10 15:05:53,199 [Worker-23] INFO  o.e.m.c.i.embedder.EclipseLogger - Using 'UTF-8' encoding to copy filtered resources.
2018-01-10 15:05:53,199 [Worker-23] INFO  o.e.m.c.i.embedder.EclipseLogger - skip non existing resourceDirectory E:\git\resources\qhhhq-project\qhhhq-api\common-api\src\test\resources
2018-01-10 15:05:53,355 [Worker-23] INFO  o.e.m.c.i.embedder.EclipseLogger - Using 'UTF-8' encoding to copy filtered resources.
2018-01-10 15:05:53,355 [Worker-23] INFO  o.e.m.c.i.embedder.EclipseLogger - skip non existing resourceDirectory E:\git\resources\qhhhq-project\qhhhq-consumer\src\main\resources
2018-01-10 15:05:53,356 [Worker-23] INFO  o.e.m.c.i.embedder.EclipseLogger - Using 'UTF-8' encoding to copy filtered resources.
2018-01-10 15:05:53,357 [Worker-23] INFO  o.e.m.c.i.embedder.EclipseLogger - skip non existing resourceDirectory E:\git\resources\qhhhq-project\qhhhq-consumer\src\test\resources
2018-01-10 15:05:53,605 [Worker-23] INFO  o.e.m.c.i.embedder.EclipseLogger - Using 'UTF-8' encoding to copy filtered resources.
2018-01-10 15:05:53,606 [Worker-23] INFO  o.e.m.c.i.embedder.EclipseLogger - skip non existing resourceDirectory E:\git\resources\qhhhq-project\qhhhq-provider\common-provider\src\main\resources
2018-01-10 15:05:53,607 [Worker-23] INFO  o.e.m.c.i.embedder.EclipseLogger - Using 'UTF-8' encoding to copy filtered resources.
2018-01-10 15:05:53,607 [Worker-23] INFO  o.e.m.c.i.embedder.EclipseLogger - skip non existing resourceDirectory E:\git\resources\qhhhq-project\qhhhq-provider\common-provider\src\test\resources
2018-01-10 15:08:22,924 [Worker-13] INFO  o.e.m.c.i.l.LifecycleMappingFactory - Using NULL lifecycle mapping for MavenProject: net.qhhhq:qhhhq-project:0.0.1-SNAPSHOT @ E:\git\resources\qhhhq-project\pom.xml.
2018-01-10 15:08:22,927 [Worker-13] INFO  o.e.m.c.i.l.LifecycleMappingFactory - Using NULL lifecycle mapping for MavenProject: net.qhhhq:qhhhq-api:0.0.1-SNAPSHOT @ E:\git\resources\qhhhq-project\qhhhq-api\pom.xml.
2018-01-10 15:08:22,934 [Worker-13] INFO  o.e.m.c.i.l.LifecycleMappingFactory - Using NULL lifecycle mapping for MavenProject: net.qhhhq:qhhhq-provider:0.0.1-SNAPSHOT @ E:\git\resources\qhhhq-project\qhhhq-provider\pom.xml.
2018-01-10 15:08:23,587 [Worker-13] INFO  o.e.m.c.i.l.LifecycleMappingFactory - Using org.eclipse.m2e.jdt.JarLifecycleMapping lifecycle mapping for MavenProject: net.qhhhq:qhhhq-consumer:0.0.1-SNAPSHOT @ E:\git\resources\qhhhq-project\qhhhq-consumer\pom.xml.
2018-01-10 15:08:23,652 [Worker-13] INFO  o.e.m.c.i.l.LifecycleMappingFactory - Using org.eclipse.m2e.jdt.JarLifecycleMapping lifecycle mapping for MavenProject: net.qhhhq:qhhhq-dao:0.0.1-SNAPSHOT @ E:\git\resources\qhhhq-project\qhhhq-dao\pom.xml.
2018-01-10 15:08:23,728 [Worker-13] INFO  o.e.m.c.i.l.LifecycleMappingFactory - Using org.eclipse.m2e.jdt.JarLifecycleMapping lifecycle mapping for MavenProject: net.qhhhq:common-api:0.0.1-SNAPSHOT @ E:\git\resources\qhhhq-project\qhhhq-api\common-api\pom.xml.
2018-01-10 15:08:23,773 [Worker-13] INFO  o.e.m.c.i.l.LifecycleMappingFactory - Using org.eclipse.m2e.jdt.JarLifecycleMapping lifecycle mapping for MavenProject: net.qhhhq:common-provider:0.0.1-SNAPSHOT @ E:\git\resources\qhhhq-project\qhhhq-provider\common-provider\pom.xml.
2018-01-10 15:08:27,397 [Worker-25] INFO  o.e.m.c.i.embedder.EclipseLogger - Using 'UTF-8' encoding to copy filtered resources.
2018-01-10 15:08:27,398 [Worker-25] INFO  o.e.m.c.i.embedder.EclipseLogger - skip non existing resourceDirectory E:\git\resources\qhhhq-project\qhhhq-dao\src\main\resources
2018-01-10 15:08:27,400 [Worker-25] INFO  o.e.m.c.i.embedder.EclipseLogger - Using 'UTF-8' encoding to copy filtered resources.
2018-01-10 15:08:27,400 [Worker-25] INFO  o.e.m.c.i.embedder.EclipseLogger - skip non existing resourceDirectory E:\git\resources\qhhhq-project\qhhhq-dao\src\test\resources
2018-01-10 15:08:27,423 [Worker-25] INFO  o.e.m.c.i.embedder.EclipseLogger - Using 'UTF-8' encoding to copy filtered resources.
2018-01-10 15:08:27,423 [Worker-25] INFO  o.e.m.c.i.embedder.EclipseLogger - skip non existing resourceDirectory E:\git\resources\qhhhq-project\qhhhq-api\common-api\src\main\resources
2018-01-10 15:08:27,423 [Worker-25] INFO  o.e.m.c.i.embedder.EclipseLogger - Using 'UTF-8' encoding to copy filtered resources.
2018-01-10 15:08:27,423 [Worker-25] INFO  o.e.m.c.i.embedder.EclipseLogger - skip non existing resourceDirectory E:\git\resources\qhhhq-project\qhhhq-api\common-api\src\test\resources
2018-01-10 15:08:27,582 [Worker-25] INFO  o.e.m.c.i.embedder.EclipseLogger - Using 'UTF-8' encoding to copy filtered resources.
2018-01-10 15:08:27,583 [Worker-25] INFO  o.e.m.c.i.embedder.EclipseLogger - skip non existing resourceDirectory E:\git\resources\qhhhq-project\qhhhq-consumer\src\main\resources
2018-01-10 15:08:27,584 [Worker-25] INFO  o.e.m.c.i.embedder.EclipseLogger - Using 'UTF-8' encoding to copy filtered resources.
2018-01-10 15:08:27,584 [Worker-25] INFO  o.e.m.c.i.embedder.EclipseLogger - skip non existing resourceDirectory E:\git\resources\qhhhq-project\qhhhq-consumer\src\test\resources
2018-01-10 15:08:28,262 [Worker-25] INFO  o.e.m.c.i.embedder.EclipseLogger - Using 'UTF-8' encoding to copy filtered resources.
2018-01-10 15:08:28,262 [Worker-25] INFO  o.e.m.c.i.embedder.EclipseLogger - skip non existing resourceDirectory E:\git\resources\qhhhq-project\qhhhq-provider\common-provider\src\main\resources
2018-01-10 15:08:28,264 [Worker-25] INFO  o.e.m.c.i.embedder.EclipseLogger - Using 'UTF-8' encoding to copy filtered resources.
2018-01-10 15:08:28,264 [Worker-25] INFO  o.e.m.c.i.embedder.EclipseLogger - skip non existing resourceDirectory E:\git\resources\qhhhq-project\qhhhq-provider\common-provider\src\test\resources
2018-01-10 15:10:01,111 [Worker-14] INFO  o.e.m.c.i.embedder.EclipseLogger - Using 'UTF-8' encoding to copy filtered resources.
2018-01-10 15:10:01,112 [Worker-14] INFO  o.e.m.c.i.embedder.EclipseLogger - skip non existing resourceDirectory E:\git\resources\qhhhq-project\qhhhq-consumer\src\main\resources
2018-01-10 15:10:01,113 [Worker-14] INFO  o.e.m.c.i.embedder.EclipseLogger - Using 'UTF-8' encoding to copy filtered resources.
2018-01-10 15:10:01,113 [Worker-14] INFO  o.e.m.c.i.embedder.EclipseLogger - skip non existing resourceDirectory E:\git\resources\qhhhq-project\qhhhq-consumer\src\test\resources
2018-01-10 15:10:22,424 [Worker-28] INFO  o.e.m.c.i.embedder.EclipseLogger - Using 'UTF-8' encoding to copy filtered resources.
2018-01-10 15:10:22,425 [Worker-28] INFO  o.e.m.c.i.embedder.EclipseLogger - skip non existing resourceDirectory E:\git\resources\qhhhq-project\qhhhq-consumer\src\main\resources
2018-01-10 15:10:22,426 [Worker-28] INFO  o.e.m.c.i.embedder.EclipseLogger - Using 'UTF-8' encoding to copy filtered resources.
2018-01-10 15:10:22,426 [Worker-28] INFO  o.e.m.c.i.embedder.EclipseLogger - skip non existing resourceDirectory E:\git\resources\qhhhq-project\qhhhq-consumer\src\test\resources
2018-01-10 15:21:54,767 [Worker-31] INFO  o.e.m.c.i.embedder.EclipseLogger - Using 'UTF-8' encoding to copy filtered resources.
2018-01-10 15:21:54,768 [Worker-31] INFO  o.e.m.c.i.embedder.EclipseLogger - skip non existing resourceDirectory E:\git\resources\qhhhq-project\qhhhq-dao\src\main\resources
2018-01-10 15:21:54,769 [Worker-31] INFO  o.e.m.c.i.embedder.EclipseLogger - Using 'UTF-8' encoding to copy filtered resources.
2018-01-10 15:21:54,769 [Worker-31] INFO  o.e.m.c.i.embedder.EclipseLogger - skip non existing resourceDirectory E:\git\resources\qhhhq-project\qhhhq-dao\src\test\resources
2018-01-10 15:22:00,009 [Worker-31] INFO  o.e.m.c.i.embedder.EclipseLogger - Using 'UTF-8' encoding to copy filtered resources.
2018-01-10 15:22:00,009 [Worker-31] INFO  o.e.m.c.i.embedder.EclipseLogger - skip non existing resourceDirectory E:\git\resources\qhhhq-project\qhhhq-dao\src\main\resources
2018-01-10 15:22:00,012 [Worker-31] INFO  o.e.m.c.i.embedder.EclipseLogger - Using 'UTF-8' encoding to copy filtered resources.
2018-01-10 15:22:00,012 [Worker-31] INFO  o.e.m.c.i.embedder.EclipseLogger - skip non existing resourceDirectory E:\git\resources\qhhhq-project\qhhhq-dao\src\test\resources
2018-01-10 15:23:15,186 [Worker-33] INFO  o.e.m.c.i.embedder.EclipseLogger - Using 'UTF-8' encoding to copy filtered resources.
2018-01-10 15:23:15,186 [Worker-33] INFO  o.e.m.c.i.embedder.EclipseLogger - skip non existing resourceDirectory E:\git\resources\qhhhq-project\qhhhq-dao\src\main\resources
2018-01-10 15:23:15,187 [Worker-33] INFO  o.e.m.c.i.embedder.EclipseLogger - Using 'UTF-8' encoding to copy filtered resources.
2018-01-10 15:23:15,188 [Worker-33] INFO  o.e.m.c.i.embedder.EclipseLogger - skip non existing resourceDirectory E:\git\resources\qhhhq-project\qhhhq-dao\src\test\resources
2018-01-10 15:23:42,205 [Worker-33] INFO  o.e.m.c.i.embedder.EclipseLogger - Using 'UTF-8' encoding to copy filtered resources.
2018-01-10 15:23:42,205 [Worker-33] INFO  o.e.m.c.i.embedder.EclipseLogger - skip non existing resourceDirectory E:\git\resources\qhhhq-project\qhhhq-dao\src\main\resources
2018-01-10 15:23:42,206 [Worker-33] INFO  o.e.m.c.i.embedder.EclipseLogger - Using 'UTF-8' encoding to copy filtered resources.
2018-01-10 15:23:42,206 [Worker-33] INFO  o.e.m.c.i.embedder.EclipseLogger - skip non existing resourceDirectory E:\git\resources\qhhhq-project\qhhhq-dao\src\test\resources
2018-01-10 15:26:54,206 [Worker-13] INFO  o.e.m.c.i.embedder.EclipseLogger - Using 'UTF-8' encoding to copy filtered resources.
2018-01-10 15:26:54,207 [Worker-13] INFO  o.e.m.c.i.embedder.EclipseLogger - skip non existing resourceDirectory E:\git\resources\qhhhq-project\qhhhq-api\common-api\src\main\resources
2018-01-10 15:26:54,207 [Worker-13] INFO  o.e.m.c.i.embedder.EclipseLogger - Using 'UTF-8' encoding to copy filtered resources.
2018-01-10 15:26:54,208 [Worker-13] INFO  o.e.m.c.i.embedder.EclipseLogger - skip non existing resourceDirectory E:\git\resources\qhhhq-project\qhhhq-api\common-api\src\test\resources
2018-01-10 15:26:54,542 [Worker-13] INFO  o.e.m.c.i.embedder.EclipseLogger - Using 'UTF-8' encoding to copy filtered resources.
2018-01-10 15:26:54,542 [Worker-13] INFO  o.e.m.c.i.embedder.EclipseLogger - skip non existing resourceDirectory E:\git\resources\qhhhq-project\qhhhq-provider\common-provider\src\main\resources
2018-01-10 15:26:54,543 [Worker-13] INFO  o.e.m.c.i.embedder.EclipseLogger - Using 'UTF-8' encoding to copy filtered resources.
2018-01-10 15:26:54,544 [Worker-13] INFO  o.e.m.c.i.embedder.EclipseLogger - skip non existing resourceDirectory E:\git\resources\qhhhq-project\qhhhq-provider\common-provider\src\test\resources
2018-01-10 15:35:16,861 [Worker-40] INFO  o.e.m.c.i.embedder.EclipseLogger - Using 'UTF-8' encoding to copy filtered resources.
2018-01-10 15:35:16,861 [Worker-40] INFO  o.e.m.c.i.embedder.EclipseLogger - skip non existing resourceDirectory E:\git\resources\qhhhq-project\qhhhq-provider\common-provider\src\main\resources
2018-01-10 15:35:16,864 [Worker-40] INFO  o.e.m.c.i.embedder.EclipseLogger - Using 'UTF-8' encoding to copy filtered resources.
2018-01-10 15:35:16,864 [Worker-40] INFO  o.e.m.c.i.embedder.EclipseLogger - skip non existing resourceDirectory E:\git\resources\qhhhq-project\qhhhq-provider\common-provider\src\test\resources
2018-01-10 15:35:26,109 [Worker-40] INFO  o.e.m.c.i.embedder.EclipseLogger - Using 'UTF-8' encoding to copy filtered resources.
2018-01-10 15:35:26,109 [Worker-40] INFO  o.e.m.c.i.embedder.EclipseLogger - skip non existing resourceDirectory E:\git\resources\qhhhq-project\qhhhq-provider\common-provider\src\main\resources
2018-01-10 15:35:26,110 [Worker-40] INFO  o.e.m.c.i.embedder.EclipseLogger - Using 'UTF-8' encoding to copy filtered resources.
2018-01-10 15:35:26,110 [Worker-40] INFO  o.e.m.c.i.embedder.EclipseLogger - skip non existing resourceDirectory E:\git\resources\qhhhq-project\qhhhq-provider\common-provider\src\test\resources
2018-01-10 15:35:45,257 [Worker-43] INFO  o.e.m.c.i.embedder.EclipseLogger - Using 'UTF-8' encoding to copy filtered resources.
2018-01-10 15:35:45,257 [Worker-43] INFO  o.e.m.c.i.embedder.EclipseLogger - skip non existing resourceDirectory E:\git\resources\qhhhq-project\qhhhq-consumer\src\main\resources
2018-01-10 15:35:45,258 [Worker-43] INFO  o.e.m.c.i.embedder.EclipseLogger - Using 'UTF-8' encoding to copy filtered resources.
2018-01-10 15:35:45,258 [Worker-43] INFO  o.e.m.c.i.embedder.EclipseLogger - skip non existing resourceDirectory E:\git\resources\qhhhq-project\qhhhq-consumer\src\test\resources
2018-01-10 15:35:54,428 [Worker-39] INFO  o.e.m.c.i.embedder.EclipseLogger - Using 'UTF-8' encoding to copy filtered resources.
2018-01-10 15:35:54,428 [Worker-39] INFO  o.e.m.c.i.embedder.EclipseLogger - skip non existing resourceDirectory E:\git\resources\qhhhq-project\qhhhq-consumer\src\main\resources
2018-01-10 15:35:54,431 [Worker-39] INFO  o.e.m.c.i.embedder.EclipseLogger - Using 'UTF-8' encoding to copy filtered resources.
2018-01-10 15:35:54,431 [Worker-39] INFO  o.e.m.c.i.embedder.EclipseLogger - skip non existing resourceDirectory E:\git\resources\qhhhq-project\qhhhq-consumer\src\test\resources
2018-01-10 15:36:11,705 [Worker-44] INFO  o.e.m.c.i.embedder.EclipseLogger - Using 'UTF-8' encoding to copy filtered resources.
2018-01-10 15:36:11,706 [Worker-44] INFO  o.e.m.c.i.embedder.EclipseLogger - skip non existing resourceDirectory E:\git\resources\qhhhq-project\qhhhq-consumer\src\main\resources
2018-01-10 15:36:11,707 [Worker-44] INFO  o.e.m.c.i.embedder.EclipseLogger - Using 'UTF-8' encoding to copy filtered resources.
2018-01-10 15:36:11,707 [Worker-44] INFO  o.e.m.c.i.embedder.EclipseLogger - skip non existing resourceDirectory E:\git\resources\qhhhq-project\qhhhq-consumer\src\test\resources
2018-01-10 15:36:32,022 [Worker-44] INFO  o.e.m.c.i.embedder.EclipseLogger - Using 'UTF-8' encoding to copy filtered resources.
2018-01-10 15:36:32,022 [Worker-44] INFO  o.e.m.c.i.embedder.EclipseLogger - skip non existing resourceDirectory E:\git\resources\qhhhq-project\qhhhq-consumer\src\main\resources
2018-01-10 15:36:32,023 [Worker-44] INFO  o.e.m.c.i.embedder.EclipseLogger - Using 'UTF-8' encoding to copy filtered resources.
2018-01-10 15:36:32,023 [Worker-44] INFO  o.e.m.c.i.embedder.EclipseLogger - skip non existing resourceDirectory E:\git\resources\qhhhq-project\qhhhq-consumer\src\test\resources
2018-01-10 15:37:34,258 [Worker-42] INFO  o.e.m.c.i.embedder.EclipseLogger - Using 'UTF-8' encoding to copy filtered resources.
2018-01-10 15:37:34,258 [Worker-42] INFO  o.e.m.c.i.embedder.EclipseLogger - skip non existing resourceDirectory E:\git\resources\qhhhq-project\qhhhq-consumer\src\main\resources
2018-01-10 15:37:34,261 [Worker-42] INFO  o.e.m.c.i.embedder.EclipseLogger - Using 'UTF-8' encoding to copy filtered resources.
2018-01-10 15:37:34,262 [Worker-42] INFO  o.e.m.c.i.embedder.EclipseLogger - skip non existing resourceDirectory E:\git\resources\qhhhq-project\qhhhq-consumer\src\test\resources
2018-01-10 15:38:49,768 [Worker-39] INFO  o.e.m.c.i.embedder.EclipseLogger - Using 'UTF-8' encoding to copy filtered resources.
2018-01-10 15:38:49,769 [Worker-39] INFO  o.e.m.c.i.embedder.EclipseLogger - skip non existing resourceDirectory E:\git\resources\qhhhq-project\qhhhq-consumer\src\main\resources
2018-01-10 15:38:49,770 [Worker-39] INFO  o.e.m.c.i.embedder.EclipseLogger - Using 'UTF-8' encoding to copy filtered resources.
2018-01-10 15:38:49,770 [Worker-39] INFO  o.e.m.c.i.embedder.EclipseLogger - skip non existing resourceDirectory E:\git\resources\qhhhq-project\qhhhq-consumer\src\test\resources
2018-01-10 15:39:42,712 [Worker-39] INFO  o.e.m.c.i.embedder.EclipseLogger - Using 'UTF-8' encoding to copy filtered resources.
2018-01-10 15:39:42,713 [Worker-39] INFO  o.e.m.c.i.embedder.EclipseLogger - skip non existing resourceDirectory E:\git\resources\qhhhq-project\qhhhq-consumer\src\main\resources
2018-01-10 15:39:42,713 [Worker-39] INFO  o.e.m.c.i.embedder.EclipseLogger - Using 'UTF-8' encoding to copy filtered resources.
2018-01-10 15:39:42,714 [Worker-39] INFO  o.e.m.c.i.embedder.EclipseLogger - skip non existing resourceDirectory E:\git\resources\qhhhq-project\qhhhq-consumer\src\test\resources
2018-01-10 15:39:59,836 [Worker-45] INFO  o.e.m.c.i.embedder.EclipseLogger - Using 'UTF-8' encoding to copy filtered resources.
2018-01-10 15:39:59,836 [Worker-45] INFO  o.e.m.c.i.embedder.EclipseLogger - skip non existing resourceDirectory E:\git\resources\qhhhq-project\qhhhq-consumer\src\main\resources
2018-01-10 15:39:59,840 [Worker-45] INFO  o.e.m.c.i.embedder.EclipseLogger - Using 'UTF-8' encoding to copy filtered resources.
2018-01-10 15:39:59,841 [Worker-45] INFO  o.e.m.c.i.embedder.EclipseLogger - skip non existing resourceDirectory E:\git\resources\qhhhq-project\qhhhq-consumer\src\test\resources
2018-01-10 15:40:24,114 [Worker-44] INFO  o.e.m.c.i.embedder.EclipseLogger - Using 'UTF-8' encoding to copy filtered resources.
2018-01-10 15:40:24,114 [Worker-44] INFO  o.e.m.c.i.embedder.EclipseLogger - skip non existing resourceDirectory E:\git\resources\qhhhq-project\qhhhq-consumer\src\main\resources
2018-01-10 15:40:24,115 [Worker-44] INFO  o.e.m.c.i.embedder.EclipseLogger - Using 'UTF-8' encoding to copy filtered resources.
2018-01-10 15:40:24,115 [Worker-44] INFO  o.e.m.c.i.embedder.EclipseLogger - skip non existing resourceDirectory E:\git\resources\qhhhq-project\qhhhq-consumer\src\test\resources
2018-01-10 15:41:09,135 [Worker-39] INFO  o.e.m.c.i.embedder.EclipseLogger - Using 'UTF-8' encoding to copy filtered resources.
2018-01-10 15:41:09,136 [Worker-39] INFO  o.e.m.c.i.embedder.EclipseLogger - skip non existing resourceDirectory E:\git\resources\qhhhq-project\qhhhq-consumer\src\main\resources
2018-01-10 15:41:09,136 [Worker-39] INFO  o.e.m.c.i.embedder.EclipseLogger - Using 'UTF-8' encoding to copy filtered resources.
2018-01-10 15:41:09,136 [Worker-39] INFO  o.e.m.c.i.embedder.EclipseLogger - skip non existing resourceDirectory E:\git\resources\qhhhq-project\qhhhq-consumer\src\test\resources
2018-01-10 15:41:43,473 [Worker-39] INFO  o.e.m.c.i.embedder.EclipseLogger - Using 'UTF-8' encoding to copy filtered resources.
2018-01-10 15:41:43,474 [Worker-39] INFO  o.e.m.c.i.embedder.EclipseLogger - skip non existing resourceDirectory E:\git\resources\qhhhq-project\qhhhq-consumer\src\main\resources
2018-01-10 15:41:43,476 [Worker-39] INFO  o.e.m.c.i.embedder.EclipseLogger - Using 'UTF-8' encoding to copy filtered resources.
2018-01-10 15:41:43,476 [Worker-39] INFO  o.e.m.c.i.embedder.EclipseLogger - skip non existing resourceDirectory E:\git\resources\qhhhq-project\qhhhq-consumer\src\test\resources
2018-01-10 15:42:52,030 [Worker-45] INFO  o.e.m.c.i.embedder.EclipseLogger - Using 'UTF-8' encoding to copy filtered resources.
2018-01-10 15:42:52,030 [Worker-45] INFO  o.e.m.c.i.embedder.EclipseLogger - skip non existing resourceDirectory E:\git\resources\qhhhq-project\qhhhq-consumer\src\main\resources
2018-01-10 15:42:52,031 [Worker-45] INFO  o.e.m.c.i.embedder.EclipseLogger - Using 'UTF-8' encoding to copy filtered resources.
2018-01-10 15:42:52,031 [Worker-45] INFO  o.e.m.c.i.embedder.EclipseLogger - skip non existing resourceDirectory E:\git\resources\qhhhq-project\qhhhq-consumer\src\test\resources
2018-01-10 15:43:26,517 [Worker-44] INFO  o.e.m.c.i.embedder.EclipseLogger - Using 'UTF-8' encoding to copy filtered resources.
2018-01-10 15:43:26,517 [Worker-44] INFO  o.e.m.c.i.embedder.EclipseLogger - skip non existing resourceDirectory E:\git\resources\qhhhq-project\qhhhq-consumer\src\main\resources
2018-01-10 15:43:26,518 [Worker-44] INFO  o.e.m.c.i.embedder.EclipseLogger - Using 'UTF-8' encoding to copy filtered resources.
2018-01-10 15:43:26,518 [Worker-44] INFO  o.e.m.c.i.embedder.EclipseLogger - skip non existing resourceDirectory E:\git\resources\qhhhq-project\qhhhq-consumer\src\test\resources
2018-01-10 15:44:23,877 [Worker-44] INFO  o.e.m.c.i.embedder.EclipseLogger - Using 'UTF-8' encoding to copy filtered resources.
2018-01-10 15:44:23,877 [Worker-44] INFO  o.e.m.c.i.embedder.EclipseLogger - skip non existing resourceDirectory E:\git\resources\qhhhq-project\qhhhq-consumer\src\main\resources
2018-01-10 15:44:23,878 [Worker-44] INFO  o.e.m.c.i.embedder.EclipseLogger - Using 'UTF-8' encoding to copy filtered resources.
2018-01-10 15:44:23,878 [Worker-44] INFO  o.e.m.c.i.embedder.EclipseLogger - skip non existing resourceDirectory E:\git\resources\qhhhq-project\qhhhq-consumer\src\test\resources
2018-01-10 15:44:59,421 [Worker-45] INFO  o.e.m.c.i.embedder.EclipseLogger - Using 'UTF-8' encoding to copy filtered resources.
2018-01-10 15:44:59,422 [Worker-45] INFO  o.e.m.c.i.embedder.EclipseLogger - skip non existing resourceDirectory E:\git\resources\qhhhq-project\qhhhq-consumer\src\main\resources
2018-01-10 15:44:59,422 [Worker-45] INFO  o.e.m.c.i.embedder.EclipseLogger - Using 'UTF-8' encoding to copy filtered resources.
2018-01-10 15:44:59,423 [Worker-45] INFO  o.e.m.c.i.embedder.EclipseLogger - skip non existing resourceDirectory E:\git\resources\qhhhq-project\qhhhq-consumer\src\test\resources
2018-01-10 15:45:34,043 [Worker-47] INFO  o.e.m.c.i.embedder.EclipseLogger - Using 'UTF-8' encoding to copy filtered resources.
2018-01-10 15:45:34,044 [Worker-47] INFO  o.e.m.c.i.embedder.EclipseLogger - skip non existing resourceDirectory E:\git\resources\qhhhq-project\qhhhq-consumer\src\main\resources
2018-01-10 15:45:34,045 [Worker-47] INFO  o.e.m.c.i.embedder.EclipseLogger - Using 'UTF-8' encoding to copy filtered resources.
2018-01-10 15:45:34,045 [Worker-47] INFO  o.e.m.c.i.embedder.EclipseLogger - skip non existing resourceDirectory E:\git\resources\qhhhq-project\qhhhq-consumer\src\test\resources
2018-01-10 15:49:56,299 [Worker-50] INFO  o.e.m.c.i.embedder.EclipseLogger - Using 'UTF-8' encoding to copy filtered resources.
2018-01-10 15:49:56,299 [Worker-50] INFO  o.e.m.c.i.embedder.EclipseLogger - skip non existing resourceDirectory E:\git\resources\qhhhq-project\qhhhq-consumer\src\main\resources
2018-01-10 15:49:56,300 [Worker-50] INFO  o.e.m.c.i.embedder.EclipseLogger - Using 'UTF-8' encoding to copy filtered resources.
2018-01-10 15:49:56,301 [Worker-50] INFO  o.e.m.c.i.embedder.EclipseLogger - skip non existing resourceDirectory E:\git\resources\qhhhq-project\qhhhq-consumer\src\test\resources
2018-01-10 15:50:32,722 [Worker-45] INFO  o.e.m.c.i.embedder.EclipseLogger - Using 'UTF-8' encoding to copy filtered resources.
2018-01-10 15:50:32,722 [Worker-45] INFO  o.e.m.c.i.embedder.EclipseLogger - skip non existing resourceDirectory E:\git\resources\qhhhq-project\qhhhq-consumer\src\main\resources
2018-01-10 15:50:32,724 [Worker-45] INFO  o.e.m.c.i.embedder.EclipseLogger - Using 'UTF-8' encoding to copy filtered resources.
2018-01-10 15:50:32,725 [Worker-45] INFO  o.e.m.c.i.embedder.EclipseLogger - skip non existing resourceDirectory E:\git\resources\qhhhq-project\qhhhq-consumer\src\test\resources
2018-01-10 15:51:09,408 [Worker-41] INFO  o.e.m.c.i.embedder.EclipseLogger - Using 'UTF-8' encoding to copy filtered resources.
2018-01-10 15:51:09,408 [Worker-41] INFO  o.e.m.c.i.embedder.EclipseLogger - skip non existing resourceDirectory E:\git\resources\qhhhq-project\qhhhq-consumer\src\main\resources
2018-01-10 15:51:09,409 [Worker-41] INFO  o.e.m.c.i.embedder.EclipseLogger - Using 'UTF-8' encoding to copy filtered resources.
2018-01-10 15:51:09,409 [Worker-41] INFO  o.e.m.c.i.embedder.EclipseLogger - skip non existing resourceDirectory E:\git\resources\qhhhq-project\qhhhq-consumer\src\test\resources
2018-01-10 15:51:39,410 [Worker-41] INFO  o.e.m.c.i.embedder.EclipseLogger - Using 'UTF-8' encoding to copy filtered resources.
2018-01-10 15:51:39,411 [Worker-41] INFO  o.e.m.c.i.embedder.EclipseLogger - skip non existing resourceDirectory E:\git\resources\qhhhq-project\qhhhq-consumer\src\main\resources
2018-01-10 15:51:39,412 [Worker-41] INFO  o.e.m.c.i.embedder.EclipseLogger - Using 'UTF-8' encoding to copy filtered resources.
2018-01-10 15:51:39,412 [Worker-41] INFO  o.e.m.c.i.embedder.EclipseLogger - skip non existing resourceDirectory E:\git\resources\qhhhq-project\qhhhq-consumer\src\test\resources
2018-01-10 15:52:11,117 [Worker-41] INFO  o.e.m.c.i.embedder.EclipseLogger - Using 'UTF-8' encoding to copy filtered resources.
2018-01-10 15:52:11,118 [Worker-41] INFO  o.e.m.c.i.embedder.EclipseLogger - skip non existing resourceDirectory E:\git\resources\qhhhq-project\qhhhq-consumer\src\main\resources
2018-01-10 15:52:11,119 [Worker-41] INFO  o.e.m.c.i.embedder.EclipseLogger - Using 'UTF-8' encoding to copy filtered resources.
2018-01-10 15:52:11,119 [Worker-41] INFO  o.e.m.c.i.embedder.EclipseLogger - skip non existing resourceDirectory E:\git\resources\qhhhq-project\qhhhq-consumer\src\test\resources
2018-01-10 15:52:21,703 [Worker-41] INFO  o.e.m.c.i.embedder.EclipseLogger - Using 'UTF-8' encoding to copy filtered resources.
2018-01-10 15:52:21,704 [Worker-41] INFO  o.e.m.c.i.embedder.EclipseLogger - skip non existing resourceDirectory E:\git\resources\qhhhq-project\qhhhq-consumer\src\main\resources
2018-01-10 15:52:21,704 [Worker-41] INFO  o.e.m.c.i.embedder.EclipseLogger - Using 'UTF-8' encoding to copy filtered resources.
2018-01-10 15:52:21,705 [Worker-41] INFO  o.e.m.c.i.embedder.EclipseLogger - skip non existing resourceDirectory E:\git\resources\qhhhq-project\qhhhq-consumer\src\test\resources
2018-01-10 15:52:38,713 [Worker-49] INFO  o.e.m.c.i.embedder.EclipseLogger - Using 'UTF-8' encoding to copy filtered resources.
2018-01-10 15:52:38,713 [Worker-49] INFO  o.e.m.c.i.embedder.EclipseLogger - skip non existing resourceDirectory E:\git\resources\qhhhq-project\qhhhq-consumer\src\main\resources
2018-01-10 15:52:38,714 [Worker-49] INFO  o.e.m.c.i.embedder.EclipseLogger - Using 'UTF-8' encoding to copy filtered resources.
2018-01-10 15:52:38,714 [Worker-49] INFO  o.e.m.c.i.embedder.EclipseLogger - skip non existing resourceDirectory E:\git\resources\qhhhq-project\qhhhq-consumer\src\test\resources
2018-01-10 15:52:49,176 [Worker-49] INFO  o.e.m.c.i.embedder.EclipseLogger - Using 'UTF-8' encoding to copy filtered resources.
2018-01-10 15:52:49,176 [Worker-49] INFO  o.e.m.c.i.embedder.EclipseLogger - skip non existing resourceDirectory E:\git\resources\qhhhq-project\qhhhq-consumer\src\main\resources
2018-01-10 15:52:49,177 [Worker-49] INFO  o.e.m.c.i.embedder.EclipseLogger - Using 'UTF-8' encoding to copy filtered resources.
2018-01-10 15:52:49,177 [Worker-49] INFO  o.e.m.c.i.embedder.EclipseLogger - skip non existing resourceDirectory E:\git\resources\qhhhq-project\qhhhq-consumer\src\test\resources
2018-01-10 15:53:17,582 [Worker-52] INFO  o.e.m.c.i.embedder.EclipseLogger - Using 'UTF-8' encoding to copy filtered resources.
2018-01-10 15:53:17,582 [Worker-52] INFO  o.e.m.c.i.embedder.EclipseLogger - skip non existing resourceDirectory E:\git\resources\qhhhq-project\qhhhq-consumer\src\main\resources
2018-01-10 15:53:17,584 [Worker-52] INFO  o.e.m.c.i.embedder.EclipseLogger - Using 'UTF-8' encoding to copy filtered resources.
2018-01-10 15:53:17,584 [Worker-52] INFO  o.e.m.c.i.embedder.EclipseLogger - skip non existing resourceDirectory E:\git\resources\qhhhq-project\qhhhq-consumer\src\test\resources
2018-01-10 15:53:44,658 [Worker-51] INFO  o.e.m.c.i.embedder.EclipseLogger - Using 'UTF-8' encoding to copy filtered resources.
2018-01-10 15:53:44,658 [Worker-51] INFO  o.e.m.c.i.embedder.EclipseLogger - skip non existing resourceDirectory E:\git\resources\qhhhq-project\qhhhq-consumer\src\main\resources
2018-01-10 15:53:44,659 [Worker-51] INFO  o.e.m.c.i.embedder.EclipseLogger - Using 'UTF-8' encoding to copy filtered resources.
2018-01-10 15:53:44,659 [Worker-51] INFO  o.e.m.c.i.embedder.EclipseLogger - skip non existing resourceDirectory E:\git\resources\qhhhq-project\qhhhq-consumer\src\test\resources
2018-01-10 15:54:53,144 [Worker-54] INFO  o.e.m.c.i.embedder.EclipseLogger - Using 'UTF-8' encoding to copy filtered resources.
2018-01-10 15:54:53,144 [Worker-54] INFO  o.e.m.c.i.embedder.EclipseLogger - skip non existing resourceDirectory E:\git\resources\qhhhq-project\qhhhq-api\common-api\src\main\resources
2018-01-10 15:54:53,145 [Worker-54] INFO  o.e.m.c.i.embedder.EclipseLogger - Using 'UTF-8' encoding to copy filtered resources.
2018-01-10 15:54:53,146 [Worker-54] INFO  o.e.m.c.i.embedder.EclipseLogger - skip non existing resourceDirectory E:\git\resources\qhhhq-project\qhhhq-api\common-api\src\test\resources
2018-01-10 15:54:53,166 [Worker-54] INFO  o.e.m.c.i.embedder.EclipseLogger - Using 'UTF-8' encoding to copy filtered resources.
2018-01-10 15:54:53,167 [Worker-54] INFO  o.e.m.c.i.embedder.EclipseLogger - skip non existing resourceDirectory E:\git\resources\qhhhq-project\qhhhq-consumer\src\main\resources
2018-01-10 15:54:53,167 [Worker-54] INFO  o.e.m.c.i.embedder.EclipseLogger - Using 'UTF-8' encoding to copy filtered resources.
2018-01-10 15:54:53,167 [Worker-54] INFO  o.e.m.c.i.embedder.EclipseLogger - skip non existing resourceDirectory E:\git\resources\qhhhq-project\qhhhq-consumer\src\test\resources
2018-01-10 15:54:53,390 [Worker-54] INFO  o.e.m.c.i.embedder.EclipseLogger - Using 'UTF-8' encoding to copy filtered resources.
2018-01-10 15:54:53,391 [Worker-54] INFO  o.e.m.c.i.embedder.EclipseLogger - skip non existing resourceDirectory E:\git\resources\qhhhq-project\qhhhq-provider\common-provider\src\main\resources
2018-01-10 15:54:53,391 [Worker-54] INFO  o.e.m.c.i.embedder.EclipseLogger - Using 'UTF-8' encoding to copy filtered resources.
2018-01-10 15:54:53,391 [Worker-54] INFO  o.e.m.c.i.embedder.EclipseLogger - skip non existing resourceDirectory E:\git\resources\qhhhq-project\qhhhq-provider\common-provider\src\test\resources
2018-01-10 15:55:49,925 [Worker-51] INFO  o.e.m.c.i.embedder.EclipseLogger - Using 'UTF-8' encoding to copy filtered resources.
2018-01-10 15:55:49,925 [Worker-51] INFO  o.e.m.c.i.embedder.EclipseLogger - skip non existing resourceDirectory E:\git\resources\qhhhq-project\qhhhq-dao\src\main\resources
2018-01-10 15:55:49,926 [Worker-51] INFO  o.e.m.c.i.embedder.EclipseLogger - Using 'UTF-8' encoding to copy filtered resources.
2018-01-10 15:55:49,926 [Worker-51] INFO  o.e.m.c.i.embedder.EclipseLogger - skip non existing resourceDirectory E:\git\resources\qhhhq-project\qhhhq-dao\src\test\resources
2018-01-10 15:56:21,007 [Worker-52] INFO  o.e.m.c.i.embedder.EclipseLogger - Using 'UTF-8' encoding to copy filtered resources.
2018-01-10 15:56:21,007 [Worker-52] INFO  o.e.m.c.i.embedder.EclipseLogger - skip non existing resourceDirectory E:\git\resources\qhhhq-project\qhhhq-provider\common-provider\src\main\resources
2018-01-10 15:56:21,008 [Worker-52] INFO  o.e.m.c.i.embedder.EclipseLogger - Using 'UTF-8' encoding to copy filtered resources.
2018-01-10 15:56:21,009 [Worker-52] INFO  o.e.m.c.i.embedder.EclipseLogger - skip non existing resourceDirectory E:\git\resources\qhhhq-project\qhhhq-provider\common-provider\src\test\resources
2018-01-10 15:56:34,499 [Worker-56] INFO  o.e.m.c.i.embedder.EclipseLogger - Using 'UTF-8' encoding to copy filtered resources.
2018-01-10 15:56:34,499 [Worker-56] INFO  o.e.m.c.i.embedder.EclipseLogger - skip non existing resourceDirectory E:\git\resources\qhhhq-project\qhhhq-provider\common-provider\src\main\resources
2018-01-10 15:56:34,500 [Worker-56] INFO  o.e.m.c.i.embedder.EclipseLogger - Using 'UTF-8' encoding to copy filtered resources.
2018-01-10 15:56:34,501 [Worker-56] INFO  o.e.m.c.i.embedder.EclipseLogger - skip non existing resourceDirectory E:\git\resources\qhhhq-project\qhhhq-provider\common-provider\src\test\resources
2018-01-10 15:56:44,432 [Worker-54] INFO  o.e.m.c.i.embedder.EclipseLogger - Using 'UTF-8' encoding to copy filtered resources.
2018-01-10 15:56:44,432 [Worker-54] INFO  o.e.m.c.i.embedder.EclipseLogger - skip non existing resourceDirectory E:\git\resources\qhhhq-project\qhhhq-dao\src\main\resources
2018-01-10 15:56:44,436 [Worker-54] INFO  o.e.m.c.i.embedder.EclipseLogger - Using 'UTF-8' encoding to copy filtered resources.
2018-01-10 15:56:44,436 [Worker-54] INFO  o.e.m.c.i.embedder.EclipseLogger - skip non existing resourceDirectory E:\git\resources\qhhhq-project\qhhhq-dao\src\test\resources
2018-01-10 15:56:44,457 [Worker-54] INFO  o.e.m.c.i.embedder.EclipseLogger - Using 'UTF-8' encoding to copy filtered resources.
2018-01-10 15:56:44,457 [Worker-54] INFO  o.e.m.c.i.embedder.EclipseLogger - skip non existing resourceDirectory E:\git\resources\qhhhq-project\qhhhq-provider\common-provider\src\main\resources
2018-01-10 15:56:44,457 [Worker-54] INFO  o.e.m.c.i.embedder.EclipseLogger - Using 'UTF-8' encoding to copy filtered resources.
2018-01-10 15:56:44,458 [Worker-54] INFO  o.e.m.c.i.embedder.EclipseLogger - skip non existing resourceDirectory E:\git\resources\qhhhq-project\qhhhq-provider\common-provider\src\test\resources
2018-01-10 15:56:49,010 [Worker-52] INFO  o.e.m.c.i.embedder.EclipseLogger - Using 'UTF-8' encoding to copy filtered resources.
2018-01-10 15:56:49,010 [Worker-52] INFO  o.e.m.c.i.embedder.EclipseLogger - skip non existing resourceDirectory E:\git\resources\qhhhq-project\qhhhq-dao\src\main\resources
2018-01-10 15:56:49,012 [Worker-52] INFO  o.e.m.c.i.embedder.EclipseLogger - Using 'UTF-8' encoding to copy filtered resources.
2018-01-10 15:56:49,013 [Worker-52] INFO  o.e.m.c.i.embedder.EclipseLogger - skip non existing resourceDirectory E:\git\resources\qhhhq-project\qhhhq-dao\src\test\resources
2018-01-10 15:56:59,941 [Worker-52] INFO  o.e.m.c.i.embedder.EclipseLogger - Using 'UTF-8' encoding to copy filtered resources.
2018-01-10 15:56:59,942 [Worker-52] INFO  o.e.m.c.i.embedder.EclipseLogger - skip non existing resourceDirectory E:\git\resources\qhhhq-project\qhhhq-consumer\src\main\resources
2018-01-10 15:56:59,943 [Worker-52] INFO  o.e.m.c.i.embedder.EclipseLogger - Using 'UTF-8' encoding to copy filtered resources.
2018-01-10 15:56:59,943 [Worker-52] INFO  o.e.m.c.i.embedder.EclipseLogger - skip non existing resourceDirectory E:\git\resources\qhhhq-project\qhhhq-consumer\src\test\resources
2018-01-10 15:57:03,072 [Worker-55] INFO  o.e.m.c.i.embedder.EclipseLogger - Using 'UTF-8' encoding to copy filtered resources.
2018-01-10 15:57:03,073 [Worker-55] INFO  o.e.m.c.i.embedder.EclipseLogger - skip non existing resourceDirectory E:\git\resources\qhhhq-project\qhhhq-consumer\src\main\resources
2018-01-10 15:57:03,073 [Worker-55] INFO  o.e.m.c.i.embedder.EclipseLogger - Using 'UTF-8' encoding to copy filtered resources.
2018-01-10 15:57:03,073 [Worker-55] INFO  o.e.m.c.i.embedder.EclipseLogger - skip non existing resourceDirectory E:\git\resources\qhhhq-project\qhhhq-consumer\src\test\resources
2018-01-10 15:57:24,759 [Worker-55] INFO  o.e.m.c.i.embedder.EclipseLogger - Using 'UTF-8' encoding to copy filtered resources.
2018-01-10 15:57:24,760 [Worker-55] INFO  o.e.m.c.i.embedder.EclipseLogger - skip non existing resourceDirectory E:\git\resources\qhhhq-project\qhhhq-consumer\src\main\resources
2018-01-10 15:57:24,760 [Worker-55] INFO  o.e.m.c.i.embedder.EclipseLogger - Using 'UTF-8' encoding to copy filtered resources.
2018-01-10 15:57:24,760 [Worker-55] INFO  o.e.m.c.i.embedder.EclipseLogger - skip non existing resourceDirectory E:\git\resources\qhhhq-project\qhhhq-consumer\src\test\resources
2018-01-10 15:58:59,718 [Worker-55] INFO  o.e.m.c.i.embedder.EclipseLogger - Using 'UTF-8' encoding to copy filtered resources.
2018-01-10 15:58:59,718 [Worker-55] INFO  o.e.m.c.i.embedder.EclipseLogger - skip non existing resourceDirectory E:\git\resources\qhhhq-project\qhhhq-dao\src\main\resources
2018-01-10 15:58:59,720 [Worker-55] INFO  o.e.m.c.i.embedder.EclipseLogger - Using 'UTF-8' encoding to copy filtered resources.
2018-01-10 15:58:59,720 [Worker-55] INFO  o.e.m.c.i.embedder.EclipseLogger - skip non existing resourceDirectory E:\git\resources\qhhhq-project\qhhhq-dao\src\test\resources
2018-01-10 15:59:39,082 [Worker-41] INFO  o.e.m.c.i.embedder.EclipseLogger - Using 'UTF-8' encoding to copy filtered resources.
2018-01-10 15:59:39,083 [Worker-41] INFO  o.e.m.c.i.embedder.EclipseLogger - skip non existing resourceDirectory E:\git\resources\qhhhq-project\qhhhq-dao\src\main\resources
2018-01-10 15:59:39,084 [Worker-41] INFO  o.e.m.c.i.embedder.EclipseLogger - Using 'UTF-8' encoding to copy filtered resources.
2018-01-10 15:59:39,085 [Worker-41] INFO  o.e.m.c.i.embedder.EclipseLogger - skip non existing resourceDirectory E:\git\resources\qhhhq-project\qhhhq-dao\src\test\resources
2018-01-10 16:00:18,434 [Worker-45] INFO  o.e.m.c.i.embedder.EclipseLogger - Using 'UTF-8' encoding to copy filtered resources.
2018-01-10 16:00:18,434 [Worker-45] INFO  o.e.m.c.i.embedder.EclipseLogger - skip non existing resourceDirectory E:\git\resources\qhhhq-project\qhhhq-dao\src\main\resources
2018-01-10 16:00:18,437 [Worker-45] INFO  o.e.m.c.i.embedder.EclipseLogger - Using 'UTF-8' encoding to copy filtered resources.
2018-01-10 16:00:18,437 [Worker-45] INFO  o.e.m.c.i.embedder.EclipseLogger - skip non existing resourceDirectory E:\git\resources\qhhhq-project\qhhhq-dao\src\test\resources
2018-01-10 16:01:06,112 [Worker-43] INFO  o.e.m.c.i.embedder.EclipseLogger - Using 'UTF-8' encoding to copy filtered resources.
2018-01-10 16:01:06,112 [Worker-43] INFO  o.e.m.c.i.embedder.EclipseLogger - skip non existing resourceDirectory E:\git\resources\qhhhq-project\qhhhq-api\common-api\src\main\resources
2018-01-10 16:01:06,114 [Worker-43] INFO  o.e.m.c.i.embedder.EclipseLogger - Using 'UTF-8' encoding to copy filtered resources.
2018-01-10 16:01:06,114 [Worker-43] INFO  o.e.m.c.i.embedder.EclipseLogger - skip non existing resourceDirectory E:\git\resources\qhhhq-project\qhhhq-api\common-api\src\test\resources
2018-01-10 16:01:06,353 [Worker-43] INFO  o.e.m.c.i.embedder.EclipseLogger - Using 'UTF-8' encoding to copy filtered resources.
2018-01-10 16:01:06,354 [Worker-43] INFO  o.e.m.c.i.embedder.EclipseLogger - skip non existing resourceDirectory E:\git\resources\qhhhq-project\qhhhq-provider\common-provider\src\main\resources
2018-01-10 16:01:06,355 [Worker-43] INFO  o.e.m.c.i.embedder.EclipseLogger - Using 'UTF-8' encoding to copy filtered resources.
2018-01-10 16:01:06,355 [Worker-43] INFO  o.e.m.c.i.embedder.EclipseLogger - skip non existing resourceDirectory E:\git\resources\qhhhq-project\qhhhq-provider\common-provider\src\test\resources
2018-01-10 16:01:28,847 [Worker-55] INFO  o.e.m.c.i.embedder.EclipseLogger - Using 'UTF-8' encoding to copy filtered resources.
2018-01-10 16:01:28,847 [Worker-55] INFO  o.e.m.c.i.embedder.EclipseLogger - skip non existing resourceDirectory E:\git\resources\qhhhq-project\qhhhq-provider\common-provider\src\main\resources
2018-01-10 16:01:28,850 [Worker-55] INFO  o.e.m.c.i.embedder.EclipseLogger - Using 'UTF-8' encoding to copy filtered resources.
2018-01-10 16:01:28,850 [Worker-55] INFO  o.e.m.c.i.embedder.EclipseLogger - skip non existing resourceDirectory E:\git\resources\qhhhq-project\qhhhq-provider\common-provider\src\test\resources
2018-01-10 16:01:57,077 [Worker-55] INFO  o.e.m.c.i.embedder.EclipseLogger - Using 'UTF-8' encoding to copy filtered resources.
2018-01-10 16:01:57,078 [Worker-55] INFO  o.e.m.c.i.embedder.EclipseLogger - skip non existing resourceDirectory E:\git\resources\qhhhq-project\qhhhq-consumer\src\main\resources
2018-01-10 16:01:57,078 [Worker-55] INFO  o.e.m.c.i.embedder.EclipseLogger - Using 'UTF-8' encoding to copy filtered resources.
2018-01-10 16:01:57,079 [Worker-55] INFO  o.e.m.c.i.embedder.EclipseLogger - skip non existing resourceDirectory E:\git\resources\qhhhq-project\qhhhq-consumer\src\test\resources
2018-01-10 16:02:03,814 [Worker-41] INFO  o.e.m.c.i.embedder.EclipseLogger - Using 'UTF-8' encoding to copy filtered resources.
2018-01-10 16:02:03,814 [Worker-41] INFO  o.e.m.c.i.embedder.EclipseLogger - skip non existing resourceDirectory E:\git\resources\qhhhq-project\qhhhq-consumer\src\main\resources
2018-01-10 16:02:03,815 [Worker-41] INFO  o.e.m.c.i.embedder.EclipseLogger - Using 'UTF-8' encoding to copy filtered resources.
2018-01-10 16:02:03,815 [Worker-41] INFO  o.e.m.c.i.embedder.EclipseLogger - skip non existing resourceDirectory E:\git\resources\qhhhq-project\qhhhq-consumer\src\test\resources
2018-01-10 16:02:14,082 [Worker-55] INFO  o.e.m.c.i.embedder.EclipseLogger - Using 'UTF-8' encoding to copy filtered resources.
2018-01-10 16:02:14,083 [Worker-55] INFO  o.e.m.c.i.embedder.EclipseLogger - skip non existing resourceDirectory E:\git\resources\qhhhq-project\qhhhq-dao\src\main\resources
2018-01-10 16:02:14,085 [Worker-55] INFO  o.e.m.c.i.embedder.EclipseLogger - Using 'UTF-8' encoding to copy filtered resources.
2018-01-10 16:02:14,085 [Worker-55] INFO  o.e.m.c.i.embedder.EclipseLogger - skip non existing resourceDirectory E:\git\resources\qhhhq-project\qhhhq-dao\src\test\resources
2018-01-10 16:05:03,433 [Worker-43] INFO  o.e.m.c.i.embedder.EclipseLogger - Using 'UTF-8' encoding to copy filtered resources.
2018-01-10 16:05:03,434 [Worker-43] INFO  o.e.m.c.i.embedder.EclipseLogger - skip non existing resourceDirectory E:\git\resources\qhhhq-project\qhhhq-dao\src\main\resources
2018-01-10 16:05:03,436 [Worker-43] INFO  o.e.m.c.i.embedder.EclipseLogger - Using 'UTF-8' encoding to copy filtered resources.
2018-01-10 16:05:03,436 [Worker-43] INFO  o.e.m.c.i.embedder.EclipseLogger - skip non existing resourceDirectory E:\git\resources\qhhhq-project\qhhhq-dao\src\test\resources
2018-01-10 16:05:32,849 [Worker-49] INFO  o.e.m.c.i.embedder.EclipseLogger - Using 'UTF-8' encoding to copy filtered resources.
2018-01-10 16:05:32,849 [Worker-49] INFO  o.e.m.c.i.embedder.EclipseLogger - skip non existing resourceDirectory E:\git\resources\qhhhq-project\qhhhq-dao\src\main\resources
2018-01-10 16:05:32,850 [Worker-49] INFO  o.e.m.c.i.embedder.EclipseLogger - Using 'UTF-8' encoding to copy filtered resources.
2018-01-10 16:05:32,851 [Worker-49] INFO  o.e.m.c.i.embedder.EclipseLogger - skip non existing resourceDirectory E:\git\resources\qhhhq-project\qhhhq-dao\src\test\resources
2018-01-10 16:07:08,344 [Worker-43] INFO  o.e.m.c.i.embedder.EclipseLogger - Using 'UTF-8' encoding to copy filtered resources.
2018-01-10 16:07:08,345 [Worker-43] INFO  o.e.m.c.i.embedder.EclipseLogger - skip non existing resourceDirectory E:\git\resources\qhhhq-project\qhhhq-dao\src\main\resources
2018-01-10 16:07:08,346 [Worker-43] INFO  o.e.m.c.i.embedder.EclipseLogger - Using 'UTF-8' encoding to copy filtered resources.
2018-01-10 16:07:08,346 [Worker-43] INFO  o.e.m.c.i.embedder.EclipseLogger - skip non existing resourceDirectory E:\git\resources\qhhhq-project\qhhhq-dao\src\test\resources
2018-01-10 16:07:30,687 [Worker-58] INFO  o.e.m.c.i.embedder.EclipseLogger - Using 'UTF-8' encoding to copy filtered resources.
2018-01-10 16:07:30,687 [Worker-58] INFO  o.e.m.c.i.embedder.EclipseLogger - skip non existing resourceDirectory E:\git\resources\qhhhq-project\qhhhq-dao\src\main\resources
2018-01-10 16:07:30,688 [Worker-58] INFO  o.e.m.c.i.embedder.EclipseLogger - Using 'UTF-8' encoding to copy filtered resources.
2018-01-10 16:07:30,688 [Worker-58] INFO  o.e.m.c.i.embedder.EclipseLogger - skip non existing resourceDirectory E:\git\resources\qhhhq-project\qhhhq-dao\src\test\resources
2018-01-10 16:07:40,796 [Worker-43] INFO  o.e.m.c.i.embedder.EclipseLogger - Using 'UTF-8' encoding to copy filtered resources.
2018-01-10 16:07:40,797 [Worker-43] INFO  o.e.m.c.i.embedder.EclipseLogger - skip non existing resourceDirectory E:\git\resources\qhhhq-project\qhhhq-dao\src\main\resources
2018-01-10 16:07:40,799 [Worker-43] INFO  o.e.m.c.i.embedder.EclipseLogger - Using 'UTF-8' encoding to copy filtered resources.
2018-01-10 16:07:40,799 [Worker-43] INFO  o.e.m.c.i.embedder.EclipseLogger - skip non existing resourceDirectory E:\git\resources\qhhhq-project\qhhhq-dao\src\test\resources
2018-01-10 16:07:40,825 [Worker-43] INFO  o.e.m.c.i.embedder.EclipseLogger - Using 'UTF-8' encoding to copy filtered resources.
2018-01-10 16:07:40,825 [Worker-43] INFO  o.e.m.c.i.embedder.EclipseLogger - skip non existing resourceDirectory E:\git\resources\qhhhq-project\qhhhq-provider\common-provider\src\main\resources
2018-01-10 16:07:40,826 [Worker-43] INFO  o.e.m.c.i.embedder.EclipseLogger - Using 'UTF-8' encoding to copy filtered resources.
2018-01-10 16:07:40,826 [Worker-43] INFO  o.e.m.c.i.embedder.EclipseLogger - skip non existing resourceDirectory E:\git\resources\qhhhq-project\qhhhq-provider\common-provider\src\test\resources
2018-01-10 16:07:56,960 [Worker-43] INFO  o.e.m.c.i.embedder.EclipseLogger - Using 'UTF-8' encoding to copy filtered resources.
2018-01-10 16:07:56,960 [Worker-43] INFO  o.e.m.c.i.embedder.EclipseLogger - skip non existing resourceDirectory E:\git\resources\qhhhq-project\qhhhq-provider\common-provider\src\main\resources
2018-01-10 16:07:56,960 [Worker-43] INFO  o.e.m.c.i.embedder.EclipseLogger - Using 'UTF-8' encoding to copy filtered resources.
2018-01-10 16:07:56,960 [Worker-43] INFO  o.e.m.c.i.embedder.EclipseLogger - skip non existing resourceDirectory E:\git\resources\qhhhq-project\qhhhq-provider\common-provider\src\test\resources
2018-01-10 16:08:22,036 [Worker-58] INFO  o.e.m.c.i.embedder.EclipseLogger - Using 'UTF-8' encoding to copy filtered resources.
2018-01-10 16:08:22,037 [Worker-58] INFO  o.e.m.c.i.embedder.EclipseLogger - skip non existing resourceDirectory E:\git\resources\qhhhq-project\qhhhq-api\common-api\src\main\resources
2018-01-10 16:08:22,038 [Worker-58] INFO  o.e.m.c.i.embedder.EclipseLogger - Using 'UTF-8' encoding to copy filtered resources.
2018-01-10 16:08:22,038 [Worker-58] INFO  o.e.m.c.i.embedder.EclipseLogger - skip non existing resourceDirectory E:\git\resources\qhhhq-project\qhhhq-api\common-api\src\test\resources
2018-01-10 16:08:22,200 [Worker-58] INFO  o.e.m.c.i.embedder.EclipseLogger - Using 'UTF-8' encoding to copy filtered resources.
2018-01-10 16:08:22,201 [Worker-58] INFO  o.e.m.c.i.embedder.EclipseLogger - skip non existing resourceDirectory E:\git\resources\qhhhq-project\qhhhq-consumer\src\main\resources
2018-01-10 16:08:22,202 [Worker-58] INFO  o.e.m.c.i.embedder.EclipseLogger - Using 'UTF-8' encoding to copy filtered resources.
2018-01-10 16:08:22,202 [Worker-58] INFO  o.e.m.c.i.embedder.EclipseLogger - skip non existing resourceDirectory E:\git\resources\qhhhq-project\qhhhq-consumer\src\test\resources
2018-01-10 16:08:22,464 [Worker-58] INFO  o.e.m.c.i.embedder.EclipseLogger - Using 'UTF-8' encoding to copy filtered resources.
2018-01-10 16:08:22,464 [Worker-58] INFO  o.e.m.c.i.embedder.EclipseLogger - skip non existing resourceDirectory E:\git\resources\qhhhq-project\qhhhq-provider\common-provider\src\main\resources
2018-01-10 16:08:22,465 [Worker-58] INFO  o.e.m.c.i.embedder.EclipseLogger - Using 'UTF-8' encoding to copy filtered resources.
2018-01-10 16:08:22,465 [Worker-58] INFO  o.e.m.c.i.embedder.EclipseLogger - skip non existing resourceDirectory E:\git\resources\qhhhq-project\qhhhq-provider\common-provider\src\test\resources
2018-01-10 16:08:27,778 [Worker-43] INFO  o.e.m.c.i.embedder.EclipseLogger - Using 'UTF-8' encoding to copy filtered resources.
2018-01-10 16:08:27,778 [Worker-43] INFO  o.e.m.c.i.embedder.EclipseLogger - skip non existing resourceDirectory E:\git\resources\qhhhq-project\qhhhq-provider\common-provider\src\main\resources
2018-01-10 16:08:27,780 [Worker-43] INFO  o.e.m.c.i.embedder.EclipseLogger - Using 'UTF-8' encoding to copy filtered resources.
2018-01-10 16:08:27,780 [Worker-43] INFO  o.e.m.c.i.embedder.EclipseLogger - skip non existing resourceDirectory E:\git\resources\qhhhq-project\qhhhq-provider\common-provider\src\test\resources
2018-01-10 16:08:38,742 [Worker-58] INFO  o.e.m.c.i.embedder.EclipseLogger - Using 'UTF-8' encoding to copy filtered resources.
2018-01-10 16:08:38,742 [Worker-58] INFO  o.e.m.c.i.embedder.EclipseLogger - skip non existing resourceDirectory E:\git\resources\qhhhq-project\qhhhq-consumer\src\main\resources
2018-01-10 16:08:38,743 [Worker-58] INFO  o.e.m.c.i.embedder.EclipseLogger - Using 'UTF-8' encoding to copy filtered resources.
2018-01-10 16:08:38,744 [Worker-58] INFO  o.e.m.c.i.embedder.EclipseLogger - skip non existing resourceDirectory E:\git\resources\qhhhq-project\qhhhq-consumer\src\test\resources
2018-01-10 16:52:50,005 [Worker-71] INFO  o.e.m.c.i.embedder.EclipseLogger - Using 'UTF-8' encoding to copy filtered resources.
2018-01-10 16:52:50,005 [Worker-71] INFO  o.e.m.c.i.embedder.EclipseLogger - skip non existing resourceDirectory E:\git\resources\qhhhq-project\qhhhq-provider\common-provider\src\main\resources
2018-01-10 16:52:50,006 [Worker-71] INFO  o.e.m.c.i.embedder.EclipseLogger - Using 'UTF-8' encoding to copy filtered resources.
2018-01-10 16:52:50,006 [Worker-71] INFO  o.e.m.c.i.embedder.EclipseLogger - skip non existing resourceDirectory E:\git\resources\qhhhq-project\qhhhq-provider\common-provider\src\test\resources
2018-01-10 17:04:03,870 [Worker-75] INFO  o.e.m.c.i.embedder.EclipseLogger - Using 'UTF-8' encoding to copy filtered resources.
2018-01-10 17:04:03,870 [Worker-75] INFO  o.e.m.c.i.embedder.EclipseLogger - skip non existing resourceDirectory E:\git\resources\qhhhq-project\qhhhq-provider\common-provider\src\main\resources
2018-01-10 17:04:03,871 [Worker-75] INFO  o.e.m.c.i.embedder.EclipseLogger - Using 'UTF-8' encoding to copy filtered resources.
2018-01-10 17:04:03,871 [Worker-75] INFO  o.e.m.c.i.embedder.EclipseLogger - skip non existing resourceDirectory E:\git\resources\qhhhq-project\qhhhq-provider\common-provider\src\test\resources
2018-01-11 11:26:42,910 [Worker-144] INFO  o.e.m.c.i.embedder.EclipseLogger - Using 'UTF-8' encoding to copy filtered resources.
2018-01-11 11:26:42,929 [Worker-144] INFO  o.e.m.c.i.embedder.EclipseLogger - skip non existing resourceDirectory E:\git\resources\qhhhq-project\qhhhq-provider\common-provider\src\main\resources
2018-01-11 11:26:42,930 [Worker-144] INFO  o.e.m.c.i.embedder.EclipseLogger - Using 'UTF-8' encoding to copy filtered resources.
2018-01-11 11:26:42,930 [Worker-144] INFO  o.e.m.c.i.embedder.EclipseLogger - skip non existing resourceDirectory E:\git\resources\qhhhq-project\qhhhq-provider\common-provider\src\test\resources
2018-01-11 11:34:02,206 [Worker-147] INFO  o.e.m.c.i.embedder.EclipseLogger - Using 'UTF-8' encoding to copy filtered resources.
2018-01-11 11:34:02,207 [Worker-147] INFO  o.e.m.c.i.embedder.EclipseLogger - skip non existing resourceDirectory E:\git\resources\qhhhq-project\qhhhq-provider\common-provider\src\main\resources
2018-01-11 11:34:02,207 [Worker-147] INFO  o.e.m.c.i.embedder.EclipseLogger - Using 'UTF-8' encoding to copy filtered resources.
2018-01-11 11:34:02,207 [Worker-147] INFO  o.e.m.c.i.embedder.EclipseLogger - skip non existing resourceDirectory E:\git\resources\qhhhq-project\qhhhq-provider\common-provider\src\test\resources
2018-01-11 18:02:12,724 [Worker-189] INFO  o.e.m.c.i.embedder.EclipseLogger - Using 'UTF-8' encoding to copy filtered resources.
2018-01-11 18:02:12,724 [Worker-189] INFO  o.e.m.c.i.embedder.EclipseLogger - skip non existing resourceDirectory E:\git\resources\qhhhq-project\qhhhq-provider\common-provider\src\main\resources
2018-01-11 18:02:12,725 [Worker-189] INFO  o.e.m.c.i.embedder.EclipseLogger - Using 'UTF-8' encoding to copy filtered resources.
2018-01-11 18:02:12,725 [Worker-189] INFO  o.e.m.c.i.embedder.EclipseLogger - skip non existing resourceDirectory E:\git\resources\qhhhq-project\qhhhq-provider\common-provider\src\test\resources
